<?xml version="1.0" encoding="UTF-8"?>
<robot generator="Robot 5.0.1 (Python 3.10.5 on win32)" generated="20220919 22:28:21.359" rpa="false" schemaversion="3">
<suite id="s1" name="Amazon Teste Gherkin Bdd" source="C:\RobotFramework\WebTeste\amazon_teste_gherkin_bdd.robot">
<test id="s1-t1" name="Caso de Teste 01 - Acesso ao menu &quot;Eletrônicos&quot;" line="11">
<kw name="Abrir o navegador" library="amazon_resources" type="SETUP">
<kw name="Open Browser" library="SeleniumLibrary">
<arg>browser=${BROWSER}</arg>
<doc>Opens a new browser instance to the optional ``url``.</doc>
<msg timestamp="20220919 22:28:21.549" level="INFO">Opening browser 'chrome' to base url 'None'.</msg>
<status status="PASS" starttime="20220919 22:28:21.549" endtime="20220919 22:28:22.585"/>
</kw>
<kw name="Maximize Browser Window" library="SeleniumLibrary">
<doc>Maximizes current browser window.</doc>
<status status="PASS" starttime="20220919 22:28:22.585" endtime="20220919 22:28:22.709"/>
</kw>
<status status="PASS" starttime="20220919 22:28:21.549" endtime="20220919 22:28:22.709"/>
</kw>
<kw name="Dado que estou na home page da Amazon.com.br" library="amazon_resources">
<kw name="Acessar a home page do site Amazon.com.br" library="amazon_resources">
<kw name="Go To" library="SeleniumLibrary">
<arg>url=${URL}</arg>
<doc>Navigates the current browser window to the provided ``url``.</doc>
<msg timestamp="20220919 22:28:22.712" level="INFO">Opening url 'http://www.amazon.com.br'</msg>
<status status="PASS" starttime="20220919 22:28:22.711" endtime="20220919 22:28:24.771"/>
</kw>
<kw name="Wait Until Element Is Visible" library="SeleniumLibrary">
<arg>locator=${MENU_ELETRONICOS}</arg>
<doc>Waits until the element ``locator`` is visible.</doc>
<status status="PASS" starttime="20220919 22:28:24.771" endtime="20220919 22:28:24.801"/>
</kw>
<status status="PASS" starttime="20220919 22:28:22.710" endtime="20220919 22:28:24.801"/>
</kw>
<kw name="Verificar se o título da página fica &quot;Amazon.com.br | Tudo pra você, de A a Z.&quot;" library="amazon_resources" sourcename="Verificar se o título da página fica &quot;${TITULO}&quot;">
<kw name="Title Should Be" library="SeleniumLibrary">
<arg>title=${TITULO}</arg>
<doc>Verifies that the current page title equals ``title``.</doc>
<msg timestamp="20220919 22:28:24.805" level="INFO">Page title is 'Amazon.com.br | Tudo pra você, de A a Z.'.</msg>
<status status="PASS" starttime="20220919 22:28:24.802" endtime="20220919 22:28:24.806"/>
</kw>
<status status="PASS" starttime="20220919 22:28:24.801" endtime="20220919 22:28:24.806"/>
</kw>
<status status="PASS" starttime="20220919 22:28:22.710" endtime="20220919 22:28:24.806"/>
</kw>
<kw name="Quando acessar o menu &quot;Eletrônicos&quot;" library="amazon_resources">
<kw name="Entrar no menu &quot;Eletrônicos&quot;" library="amazon_resources">
<kw name="Click Element" library="SeleniumLibrary">
<arg>locator=${MENU_ELETRONICOS}</arg>
<doc>Click the element identified by ``locator``.</doc>
<msg timestamp="20220919 22:28:24.807" level="INFO">Clicking element '//a[@href='/Eletronicos-e-Tecnologia/b/?ie=UTF8&amp;node=16209062011&amp;ref_=nav_cs_electronics'][contains(.,'Eletrônicos')]'.</msg>
<status status="PASS" starttime="20220919 22:28:24.807" endtime="20220919 22:28:26.859"/>
</kw>
<status status="PASS" starttime="20220919 22:28:24.806" endtime="20220919 22:28:26.859"/>
</kw>
<status status="PASS" starttime="20220919 22:28:24.806" endtime="20220919 22:28:26.859"/>
</kw>
<kw name="Então o título da página deve ficar &quot;Eletrônicos e Tecnologia | Amazon.com.br&quot;" library="amazon_resources">
<kw name="Verificar se o título da página fica &quot;Eletrônicos e Tecnologia | Amazon.com.br&quot;" library="amazon_resources" sourcename="Verificar se o título da página fica &quot;${TITULO}&quot;">
<kw name="Title Should Be" library="SeleniumLibrary">
<arg>title=${TITULO}</arg>
<doc>Verifies that the current page title equals ``title``.</doc>
<msg timestamp="20220919 22:28:26.897" level="INFO">Page title is 'Eletrônicos e Tecnologia | Amazon.com.br'.</msg>
<status status="PASS" starttime="20220919 22:28:26.860" endtime="20220919 22:28:26.897"/>
</kw>
<status status="PASS" starttime="20220919 22:28:26.860" endtime="20220919 22:28:26.897"/>
</kw>
<status status="PASS" starttime="20220919 22:28:26.859" endtime="20220919 22:28:26.897"/>
</kw>
<kw name="E o texto &quot;Eletrônicos e Tecnologia&quot; deve ser exibido na página" library="amazon_resources">
<kw name="Verificar se aparece a frase &quot;Eletrônicos e Tecnologia&quot;" library="amazon_resources" sourcename="Verificar se aparece a frase &quot;${FRASE}&quot;">
<kw name="Wait Until Page Contains" library="SeleniumLibrary">
<arg>text=${FRASE}</arg>
<doc>Waits until ``text`` appears on the current page.</doc>
<status status="PASS" starttime="20220919 22:28:26.898" endtime="20220919 22:28:26.960"/>
</kw>
<kw name="Wait Until Element Is Visible" library="SeleniumLibrary">
<arg>locator=${HEADER_ELETRONICOS}</arg>
<doc>Waits until the element ``locator`` is visible.</doc>
<status status="PASS" starttime="20220919 22:28:26.960" endtime="20220919 22:28:27.030"/>
</kw>
<status status="PASS" starttime="20220919 22:28:26.898" endtime="20220919 22:28:27.030"/>
</kw>
<status status="PASS" starttime="20220919 22:28:26.898" endtime="20220919 22:28:27.030"/>
</kw>
<kw name="E a categoria &quot;Computadores e Informática&quot; deve ser exibida na página" library="amazon_resources">
<kw name="Verificar se aparece a categoria &quot;Tablets&quot;" library="amazon_resources" sourcename="Verificar se aparece a categoria &quot;${NOME_CATEGORIA}&quot;">
<kw name="Element Should Be Visible" library="SeleniumLibrary">
<arg>locator=//a[contains(@aria-label,'${NOME_CATEGORIA}')]</arg>
<doc>Verifies that the element identified by ``locator`` is visible.</doc>
<msg timestamp="20220919 22:28:27.090" level="INFO">Element '//a[contains(@aria-label,'Tablets')]' is displayed.</msg>
<status status="PASS" starttime="20220919 22:28:27.031" endtime="20220919 22:28:27.090"/>
</kw>
<status status="PASS" starttime="20220919 22:28:27.031" endtime="20220919 22:28:27.090"/>
</kw>
<status status="PASS" starttime="20220919 22:28:27.031" endtime="20220919 22:28:27.090"/>
</kw>
<kw name="Fechar o navegador" library="amazon_resources" type="TEARDOWN">
<kw name="Capture Page Screenshot" library="SeleniumLibrary">
<doc>Takes a screenshot of the current page and embeds it into a log file.</doc>
<msg timestamp="20220919 22:28:27.315" level="INFO" html="true">&lt;/td&gt;&lt;/tr&gt;&lt;tr&gt;&lt;td colspan="3"&gt;&lt;a href="selenium-screenshot-69.png"&gt;&lt;img src="selenium-screenshot-69.png" width="800px"&gt;&lt;/a&gt;</msg>
<status status="PASS" starttime="20220919 22:28:27.091" endtime="20220919 22:28:27.315"/>
</kw>
<kw name="Close Browser" library="SeleniumLibrary">
<doc>Closes the current browser.</doc>
<status status="PASS" starttime="20220919 22:28:27.315" endtime="20220919 22:28:29.460"/>
</kw>
<status status="PASS" starttime="20220919 22:28:27.091" endtime="20220919 22:28:29.460"/>
</kw>
<doc>Este teste verifica o menu eletrônicos do site da amazon.com.br
e verifica a categoria Tablets</doc>
<tag>menus_categorias</tag>
<status status="PASS" starttime="20220919 22:28:21.548" endtime="20220919 22:28:29.461"/>
</test>
<test id="s1-t2" name="Caso de Teste 02 - Pesquisa de um Produto pelo" line="23">
<kw name="Abrir o navegador" library="amazon_resources" type="SETUP">
<kw name="Open Browser" library="SeleniumLibrary">
<arg>browser=${BROWSER}</arg>
<doc>Opens a new browser instance to the optional ``url``.</doc>
<msg timestamp="20220919 22:28:29.466" level="INFO">Opening browser 'chrome' to base url 'None'.</msg>
<status status="PASS" starttime="20220919 22:28:29.465" endtime="20220919 22:28:30.491"/>
</kw>
<kw name="Maximize Browser Window" library="SeleniumLibrary">
<doc>Maximizes current browser window.</doc>
<status status="PASS" starttime="20220919 22:28:30.491" endtime="20220919 22:28:30.622"/>
</kw>
<status status="PASS" starttime="20220919 22:28:29.465" endtime="20220919 22:28:30.623"/>
</kw>
<kw name="Dado que estou na home page da Amazon.com.br" library="amazon_resources">
<kw name="Acessar a home page do site Amazon.com.br" library="amazon_resources">
<kw name="Go To" library="SeleniumLibrary">
<arg>url=${URL}</arg>
<doc>Navigates the current browser window to the provided ``url``.</doc>
<msg timestamp="20220919 22:28:30.625" level="INFO">Opening url 'http://www.amazon.com.br'</msg>
<status status="PASS" starttime="20220919 22:28:30.625" endtime="20220919 22:28:32.742"/>
</kw>
<kw name="Wait Until Element Is Visible" library="SeleniumLibrary">
<arg>locator=${MENU_ELETRONICOS}</arg>
<doc>Waits until the element ``locator`` is visible.</doc>
<status status="PASS" starttime="20220919 22:28:32.743" endtime="20220919 22:28:32.771"/>
</kw>
<status status="PASS" starttime="20220919 22:28:30.624" endtime="20220919 22:28:32.771"/>
</kw>
<kw name="Verificar se o título da página fica &quot;Amazon.com.br | Tudo pra você, de A a Z.&quot;" library="amazon_resources" sourcename="Verificar se o título da página fica &quot;${TITULO}&quot;">
<kw name="Title Should Be" library="SeleniumLibrary">
<arg>title=${TITULO}</arg>
<doc>Verifies that the current page title equals ``title``.</doc>
<msg timestamp="20220919 22:28:32.776" level="INFO">Page title is 'Amazon.com.br | Tudo pra você, de A a Z.'.</msg>
<status status="PASS" starttime="20220919 22:28:32.771" endtime="20220919 22:28:32.776"/>
</kw>
<status status="PASS" starttime="20220919 22:28:32.771" endtime="20220919 22:28:32.776"/>
</kw>
<status status="PASS" starttime="20220919 22:28:30.624" endtime="20220919 22:28:32.776"/>
</kw>
<kw name="Quando pesquisar pelo produto &quot;Xbox Series S&quot;" library="amazon_resources">
<kw name="Digitar o nome de produto &quot;Xbox Series S&quot; no campo de pesquisa" library="amazon_resources" sourcename="Digitar o nome de produto &quot;${PRODUTO}&quot; no campo de pesquisa">
<kw name="Input Text" library="SeleniumLibrary">
<arg>locator=twotabsearchtextbox</arg>
<arg>text=${PRODUTO}</arg>
<doc>Types the given ``text`` into the text field identified by ``locator``.</doc>
<msg timestamp="20220919 22:28:32.777" level="INFO">Typing text 'Xbox Series S' into text field 'twotabsearchtextbox'.</msg>
<status status="PASS" starttime="20220919 22:28:32.777" endtime="20220919 22:28:32.920"/>
</kw>
<status status="PASS" starttime="20220919 22:28:32.777" endtime="20220919 22:28:32.920"/>
</kw>
<kw name="Clicar no botão de pesquisa" library="amazon_resources">
<kw name="Click Element" library="SeleniumLibrary">
<arg>locator=nav-search-submit-button</arg>
<doc>Click the element identified by ``locator``.</doc>
<msg timestamp="20220919 22:28:32.921" level="INFO">Clicking element 'nav-search-submit-button'.</msg>
<status status="PASS" starttime="20220919 22:28:32.920" endtime="20220919 22:28:33.035"/>
</kw>
<status status="PASS" starttime="20220919 22:28:32.920" endtime="20220919 22:28:33.035"/>
</kw>
<status status="PASS" starttime="20220919 22:28:32.776" endtime="20220919 22:28:33.035"/>
</kw>
<kw name="Então um produto da linha &quot;Xbox Series S&quot; deve ser mostrado na página" library="amazon_resources">
<kw name="Verificar o resultado da pesquisa, listando o produto &quot;Console Xbox Series S&quot;" library="amazon_resources" sourcename="Verificar o resultado da pesquisa, listando o produto &quot;${PRODUTO}&quot;">
<kw name="Wait Until Element Is Visible" library="SeleniumLibrary">
<arg>locator=(//span[@class='a-size-base-plus a-color-base a-text-normal'][contains(.,'${PRODUTO}')])[1]</arg>
<doc>Waits until the element ``locator`` is visible.</doc>
<msg timestamp="20220919 22:28:38.279" level="INFO" html="true">&lt;/td&gt;&lt;/tr&gt;&lt;tr&gt;&lt;td colspan="3"&gt;&lt;a href="selenium-screenshot-70.png"&gt;&lt;img src="selenium-screenshot-70.png" width="800px"&gt;&lt;/a&gt;</msg>
<msg timestamp="20220919 22:28:38.279" level="FAIL">Element '(//span[@class='a-size-base-plus a-color-base a-text-normal'][contains(.,'Console Xbox Series S')])[1]' not visible after 5 seconds.</msg>
<status status="FAIL" starttime="20220919 22:28:33.037" endtime="20220919 22:28:38.280"/>
</kw>
<status status="FAIL" starttime="20220919 22:28:33.036" endtime="20220919 22:28:38.281"/>
</kw>
<status status="FAIL" starttime="20220919 22:28:33.036" endtime="20220919 22:28:38.281"/>
</kw>
<kw name="Fechar o navegador" library="amazon_resources" type="TEARDOWN">
<kw name="Capture Page Screenshot" library="SeleniumLibrary">
<doc>Takes a screenshot of the current page and embeds it into a log file.</doc>
<msg timestamp="20220919 22:28:38.409" level="INFO" html="true">&lt;/td&gt;&lt;/tr&gt;&lt;tr&gt;&lt;td colspan="3"&gt;&lt;a href="selenium-screenshot-71.png"&gt;&lt;img src="selenium-screenshot-71.png" width="800px"&gt;&lt;/a&gt;</msg>
<status status="PASS" starttime="20220919 22:28:38.283" endtime="20220919 22:28:38.409"/>
</kw>
<kw name="Close Browser" library="SeleniumLibrary">
<doc>Closes the current browser.</doc>
<status status="PASS" starttime="20220919 22:28:38.409" endtime="20220919 22:28:41.194"/>
</kw>
<status status="PASS" starttime="20220919 22:28:38.282" endtime="20220919 22:28:41.194"/>
</kw>
<doc>Este teste verifica a busca de um produto</doc>
<tag>busca_produtos</tag>
<tag>lista_busca</tag>
<status status="FAIL" starttime="20220919 22:28:29.463" endtime="20220919 22:28:41.195">Element '(//span[@class='a-size-base-plus a-color-base a-text-normal'][contains(.,'Console Xbox Series S')])[1]' not visible after 5 seconds.</status>
</test>
<doc>Essa suite testa o site da Amazon.com.br pelo QA Delano</doc>
<status status="FAIL" starttime="20220919 22:28:21.361" endtime="20220919 22:28:41.196"/>
</suite>
<statistics>
<total>
<stat pass="1" fail="1" skip="0">All Tests</stat>
</total>
<tag>
<stat pass="0" fail="1" skip="0">busca_produtos</stat>
<stat pass="0" fail="1" skip="0">lista_busca</stat>
<stat pass="1" fail="0" skip="0">menus_categorias</stat>
</tag>
<suite>
<stat pass="1" fail="1" skip="0" id="s1" name="Amazon Teste Gherkin Bdd">Amazon Teste Gherkin Bdd</stat>
</suite>
</statistics>
<errors>
</errors>
</robot>
