<?xml version="1.0" encoding="UTF-8"?>
<robot generator="Robot 5.0.1 (Python 3.10.7 on win32)" generated="20230310 15:24:42.477" rpa="false" schemaversion="3">
<suite id="s1" name="Smengineering-Quality-Assurance-Smb" source="C:\Users\Augusto\Downloads\smengineering-quality-assurance-smb">
<suite id="s1-s1" name="Frontend" source="C:\Users\Augusto\Downloads\smengineering-quality-assurance-smb\frontend">
<suite id="s1-s1-s1" name="Tests" source="C:\Users\Augusto\Downloads\smengineering-quality-assurance-smb\frontend\tests">
<suite id="s1-s1-s1-s1" name="TC#01-Carrinho abandonado" source="C:\Users\Augusto\Downloads\smengineering-quality-assurance-smb\frontend\tests\TC#01-Carrinho abandonado.robot">
<test id="s1-s1-s1-s1-t1" name="Comprar um produto" line="15">
<kw name="Iniciar Sessão" library="Base" type="SETUP">
<kw name="New Browser" library="Browser">
<arg>chromium</arg>
<arg>false</arg>
<arg>slowMo=0:00:01</arg>
<tag>BrowserControl</tag>
<tag>Setter</tag>
<doc>Create a new playwright Browser with specified options.</doc>
<msg timestamp="20230310 15:24:43.184" level="INFO">{"browser": "chromium", "headless": false, "devtools": false, "handleSIGHUP": true, "handleSIGINT": true, "handleSIGTERM": true, "slowMo": 1000.0, "timeout": 30000.0, "deprecated_pos_args": [], "tracesDir": "C:\\Users\\Augusto\\Downloads\\smengineering-quality-assurance-smb\\results\\browser\\traces\\5bb3511f-82d0-497d-a62d-dbc368ae00e8"}</msg>
<msg timestamp="20230310 15:24:43.598" level="INFO">Successfully created browser with options: {"browser":"chromium","headless":false,"devtools":false,"handleSIGHUP":true,"handleSIGINT":true,"handleSIGTERM":true,"slowMo":1000,"timeout":30000,"deprecated_pos_args":[],"tracesDir":"C:\\Users\\Augusto\\Downloads\\smengineering-quality-assurance-smb\\results\\browser\\traces\\5bb3511f-82d0-497d-a62d-dbc368ae00e8"}</msg>
<status status="PASS" starttime="20230310 15:24:43.184" endtime="20230310 15:24:43.599"/>
</kw>
<status status="PASS" starttime="20230310 15:24:43.183" endtime="20230310 15:24:43.599"/>
</kw>
<kw name="Dado que estou no site da loja" library="Base">
<kw name="New Page" library="Browser">
<arg>${URL}</arg>
<tag>BrowserControl</tag>
<tag>Setter</tag>
<doc>Open a new Page.</doc>
<msg timestamp="20230310 15:24:45.835" level="INFO">Successfully initialized new page object and opened url: https://123qweqwe-1079359.commercesuite.com.br/</msg>
<msg timestamp="20230310 15:24:45.836" level="INFO">No context was open. New context was automatically opened when this page is created.</msg>
<status status="PASS" starttime="20230310 15:24:43.601" endtime="20230310 15:24:45.836"/>
</kw>
<status status="PASS" starttime="20230310 15:24:43.601" endtime="20230310 15:24:45.836"/>
</kw>
<kw name="E realizo o login" library="HomeSite">
<arg>augusto.santos@allin.com.br</arg>
<arg>testedaSilva#03</arg>
<kw name="Click" library="Browser">
<arg>//a[contains(.,'Minha Conta')]</arg>
<tag>PageContent</tag>
<tag>Setter</tag>
<doc>Simulates mouse click on the element found by ``selector``.</doc>
<status status="PASS" starttime="20230310 15:24:45.838" endtime="20230310 15:24:46.890"/>
</kw>
<kw name="Wait For Elements State" library="Browser">
<arg>//button[@class='app__button--primary app__login__button app__login__button--login'][contains(.,'Entrar')]</arg>
<arg>visible</arg>
<arg>${Timeout}</arg>
<tag>PageContent</tag>
<tag>Wait</tag>
<doc>Waits for the element found by ``selector`` to satisfy state option.</doc>
<msg timestamp="20230310 15:24:56.880" level="WARN">Keyword 'Take Screenshot  fail-screenshot-{index}' could not be run on failure:
Error: Tried to take screenshot, but no page was open.</msg>
<msg timestamp="20230310 15:24:56.881" level="FAIL">Error: Could not find active page</msg>
<status status="FAIL" starttime="20230310 15:24:46.890" endtime="20230310 15:24:56.884"/>
</kw>
<kw name="Click" library="Browser">
<arg>//button[@class='app__button--primary app__login__button app__login__button--login'][contains(.,'Entrar')]</arg>
<tag>PageContent</tag>
<tag>Setter</tag>
<doc>Simulates mouse click on the element found by ``selector``.</doc>
<status status="NOT RUN" starttime="20230310 15:24:56.884" endtime="20230310 15:24:56.884"/>
</kw>
<kw name="Wait For Elements State" library="Browser">
<arg>//strong[@class='tray-title tray-login__title'][contains(.,'Identifique-se')]</arg>
<arg>visible</arg>
<arg>${Timeout}</arg>
<tag>PageContent</tag>
<tag>Wait</tag>
<doc>Waits for the element found by ``selector`` to satisfy state option.</doc>
<status status="NOT RUN" starttime="20230310 15:24:56.884" endtime="20230310 15:24:56.885"/>
</kw>
<kw name="Fill Text" library="Browser">
<arg>//input[contains(@autocapitalize,'off')]</arg>
<arg>${login}</arg>
<tag>PageContent</tag>
<tag>Setter</tag>
<doc>Clears and fills the given ``txt`` into the text field found by ``selector``.</doc>
<status status="NOT RUN" starttime="20230310 15:24:56.885" endtime="20230310 15:24:56.885"/>
</kw>
<kw name="Click" library="Browser">
<arg>//button[@type='submit'][contains(.,'Continuar')]</arg>
<tag>PageContent</tag>
<tag>Setter</tag>
<doc>Simulates mouse click on the element found by ``selector``.</doc>
<status status="NOT RUN" starttime="20230310 15:24:56.885" endtime="20230310 15:24:56.885"/>
</kw>
<kw name="Wait For Elements State" library="Browser">
<arg>//input[contains(@type,'password')]</arg>
<arg>visible</arg>
<arg>${Timeout}</arg>
<tag>PageContent</tag>
<tag>Wait</tag>
<doc>Waits for the element found by ``selector`` to satisfy state option.</doc>
<status status="NOT RUN" starttime="20230310 15:24:56.886" endtime="20230310 15:24:56.886"/>
</kw>
<kw name="Fill Text" library="Browser">
<arg>//input[contains(@type,'password')]</arg>
<arg>${senha}</arg>
<tag>PageContent</tag>
<tag>Setter</tag>
<doc>Clears and fills the given ``txt`` into the text field found by ``selector``.</doc>
<status status="NOT RUN" starttime="20230310 15:24:56.886" endtime="20230310 15:24:56.886"/>
</kw>
<kw name="Click" library="Browser">
<arg>//button[@type='submit'][contains(.,'Continuar')]</arg>
<tag>PageContent</tag>
<tag>Setter</tag>
<doc>Simulates mouse click on the element found by ``selector``.</doc>
<status status="NOT RUN" starttime="20230310 15:24:56.886" endtime="20230310 15:24:56.886"/>
</kw>
<kw name="Wait For Elements State" library="Browser">
<arg>//a[contains(@class,'app__button app__button--primary app__button--no-margin')]</arg>
<arg>visible</arg>
<arg>${Timeout}</arg>
<tag>PageContent</tag>
<tag>Wait</tag>
<doc>Waits for the element found by ``selector`` to satisfy state option.</doc>
<status status="NOT RUN" starttime="20230310 15:24:56.886" endtime="20230310 15:24:56.887"/>
</kw>
<kw name="Click" library="Browser">
<arg>//h1[@class='app__header__title'][contains(.,'´!¹²³$£¢¬¬..§ø123qweQWE;?')]</arg>
<tag>PageContent</tag>
<tag>Setter</tag>
<doc>Simulates mouse click on the element found by ``selector``.</doc>
<status status="NOT RUN" starttime="20230310 15:24:56.887" endtime="20230310 15:24:56.887"/>
</kw>
<kw name="Wait For Elements State" library="Browser">
<arg>//a[contains(.,'Sair')]</arg>
<tag>PageContent</tag>
<tag>Wait</tag>
<doc>Waits for the element found by ``selector`` to satisfy state option.</doc>
<status status="NOT RUN" starttime="20230310 15:24:56.887" endtime="20230310 15:24:56.887"/>
</kw>
<status status="FAIL" starttime="20230310 15:24:45.837" endtime="20230310 15:24:56.888"/>
</kw>
<kw name="E visualizo um produto" library="HomeSite">
<status status="NOT RUN" starttime="20230310 15:24:56.888" endtime="20230310 15:24:56.888"/>
</kw>
<kw name="Quando clico em &quot;comprar&quot;" library="HomeSite">
<status status="NOT RUN" starttime="20230310 15:24:56.888" endtime="20230310 15:24:56.888"/>
</kw>
<kw name="E Avanço para finalizar o pedido" library="HomeSite">
<status status="NOT RUN" starttime="20230310 15:24:56.889" endtime="20230310 15:24:56.889"/>
</kw>
<kw name="Então o comportamento de carrinho é captado com sucesso" library="HomeSite">
<status status="NOT RUN" starttime="20230310 15:24:56.889" endtime="20230310 15:24:56.889"/>
</kw>
<kw name="Finalizar Teste" library="Base" type="TEARDOWN">
<kw name="Take Screenshot" library="Browser">
<tag>PageContent</tag>
<doc>Takes a screenshot of the current window or element and saves it to disk.</doc>
<msg timestamp="20230310 15:24:56.893" level="WARN">Keyword 'Take Screenshot  fail-screenshot-{index}' could not be run on failure:
Error: Tried to take screenshot, but no page was open.</msg>
<msg timestamp="20230310 15:24:56.894" level="FAIL">Error: Tried to take screenshot, but no page was open.</msg>
<status status="FAIL" starttime="20230310 15:24:56.890" endtime="20230310 15:24:56.895"/>
</kw>
<status status="FAIL" starttime="20230310 15:24:56.890" endtime="20230310 15:24:56.895">Error: Tried to take screenshot, but no page was open.</status>
</kw>
<tag>CA02</tag>
<status status="FAIL" starttime="20230310 15:24:43.180" endtime="20230310 15:24:56.896">Error: Could not find active page

Also teardown failed:
Error: Tried to take screenshot, but no page was open.</status>
</test>
<doc>Validação do Login.</doc>
<status status="FAIL" starttime="20230310 15:24:42.515" endtime="20230310 15:24:56.914"/>
</suite>
<status status="FAIL" starttime="20230310 15:24:42.513" endtime="20230310 15:24:56.917"/>
</suite>
<status status="FAIL" starttime="20230310 15:24:42.510" endtime="20230310 15:24:56.919"/>
</suite>
<status status="FAIL" starttime="20230310 15:24:42.488" endtime="20230310 15:24:56.920"/>
</suite>
<statistics>
<total>
<stat pass="0" fail="1" skip="0">All Tests</stat>
</total>
<tag>
<stat pass="0" fail="1" skip="0">CA02</stat>
</tag>
<suite>
<stat pass="0" fail="1" skip="0" id="s1" name="Smengineering-Quality-Assurance-Smb">Smengineering-Quality-Assurance-Smb</stat>
<stat pass="0" fail="1" skip="0" id="s1-s1" name="Frontend">Smengineering-Quality-Assurance-Smb.Frontend</stat>
<stat pass="0" fail="1" skip="0" id="s1-s1-s1" name="Tests">Smengineering-Quality-Assurance-Smb.Frontend.Tests</stat>
<stat pass="0" fail="1" skip="0" id="s1-s1-s1-s1" name="TC#01-Carrinho abandonado">Smengineering-Quality-Assurance-Smb.Frontend.Tests.TC#01-Carrinho abandonado</stat>
</suite>
</statistics>
<errors>
<msg timestamp="20230310 15:24:56.880" level="WARN">Keyword 'Take Screenshot  fail-screenshot-{index}' could not be run on failure:
Error: Tried to take screenshot, but no page was open.</msg>
<msg timestamp="20230310 15:24:56.893" level="WARN">Keyword 'Take Screenshot  fail-screenshot-{index}' could not be run on failure:
Error: Tried to take screenshot, but no page was open.</msg>
</errors>
</robot>
