<?xml version="1.0" encoding="UTF-8"?>
<robot generator="Robot 5.0.1 (Python 3.10.6 on win32)" generated="20230309 16:58:19.537" rpa="false" schemaversion="3">
<suite id="s1" name="TC#03-SMB Login" source="D:\Users\delano.silva\Automação Robot\Robot_WEB\Robot_Teste_WEB\frontend\tests\TC#03-SMB_Login.robot">
<test id="s1-t1" name="Usuario Em Branco" line="46">
<kw name="Abrir o navegador" library="Base" type="SETUP">
<kw name="Open Browser" library="SeleniumLibrary">
<arg>browser=${BROWSER}</arg>
<doc>Opens a new browser instance to the optional ``url``.</doc>
<msg timestamp="20230309 16:58:20.291" level="INFO">Opening browser 'googlechrome' to base url 'None'.</msg>
<status status="PASS" starttime="20230309 16:58:20.291" endtime="20230309 16:58:25.247"/>
</kw>
<kw name="Maximize Browser Window" library="SeleniumLibrary">
<doc>Maximizes current browser window.</doc>
<status status="PASS" starttime="20230309 16:58:25.248" endtime="20230309 16:58:25.478"/>
</kw>
<status status="PASS" starttime="20230309 16:58:20.290" endtime="20230309 16:58:25.480"/>
</kw>
<kw name="Dado que estou na home page do site Tray" library="Logins">
<kw name="Go To" library="SeleniumLibrary">
<arg>url=${URL_SMB}</arg>
<doc>Navigates the current browser window to the provided ``url``.</doc>
<msg timestamp="20230309 16:58:25.488" level="INFO">Opening url 'https://loja-s.tray.com.br/adm/login.php?legacy=1'</msg>
<status status="PASS" starttime="20230309 16:58:25.485" endtime="20230309 16:58:28.020"/>
</kw>
<status status="PASS" starttime="20230309 16:58:25.484" endtime="20230309 16:58:28.020"/>
</kw>
<kw name="Quando preencho as informações para login" library="Logins">
<arg>1079359</arg>
<arg>${EMPTY}</arg>
<arg>Beta123@SMB*f#QA</arg>
<kw name="Input Text" library="SeleniumLibrary">
<arg>locator=loja</arg>
<arg>text= ${LOJA}</arg>
<doc>Types the given ``text`` into the text field identified by ``locator``.</doc>
<msg timestamp="20230309 16:58:28.022" level="INFO">Typing text ' 1079359' into text field 'loja'.</msg>
<status status="PASS" starttime="20230309 16:58:28.022" endtime="20230309 16:58:28.255"/>
</kw>
<kw name="Sleep" library="BuiltIn">
<arg>2s</arg>
<doc>Pauses the test executed for the given time.</doc>
<msg timestamp="20230309 16:58:30.265" level="INFO">Slept 2 seconds</msg>
<status status="PASS" starttime="20230309 16:58:28.255" endtime="20230309 16:58:30.266"/>
</kw>
<kw name="Input Text" library="SeleniumLibrary">
<arg>locator=usuario</arg>
<arg>text=${USUARIO}</arg>
<doc>Types the given ``text`` into the text field identified by ``locator``.</doc>
<msg timestamp="20230309 16:58:30.267" level="INFO">Typing text '' into text field 'usuario'.</msg>
<status status="PASS" starttime="20230309 16:58:30.266" endtime="20230309 16:58:30.452"/>
</kw>
<kw name="Sleep" library="BuiltIn">
<arg>1s</arg>
<doc>Pauses the test executed for the given time.</doc>
<msg timestamp="20230309 16:58:31.466" level="INFO">Slept 1 second</msg>
<status status="PASS" starttime="20230309 16:58:30.454" endtime="20230309 16:58:31.466"/>
</kw>
<kw name="Input Text" library="SeleniumLibrary">
<arg>locator=senha</arg>
<arg>text=${SENHA}</arg>
<doc>Types the given ``text`` into the text field identified by ``locator``.</doc>
<msg timestamp="20230309 16:58:31.467" level="INFO">Typing text 'Beta123@SMB*f#QA' into text field 'senha'.</msg>
<status status="PASS" starttime="20230309 16:58:31.466" endtime="20230309 16:58:31.667"/>
</kw>
<kw name="Set Selenium Speed" library="SeleniumLibrary">
<arg>${DELAY}</arg>
<doc>Sets the delay that is waited after each Selenium command.</doc>
<status status="PASS" starttime="20230309 16:58:31.667" endtime="20230309 16:58:31.667"/>
</kw>
<status status="PASS" starttime="20230309 16:58:28.020" endtime="20230309 16:58:31.668"/>
</kw>
<kw name="E clico no botão entrar" library="Logins">
<kw name="Click Element" library="SeleniumLibrary">
<arg>locator=btn-submit</arg>
<doc>Click the element identified by ``locator``.</doc>
<msg timestamp="20230309 16:58:31.671" level="INFO">Clicking element 'btn-submit'.</msg>
<status status="PASS" starttime="20230309 16:58:31.669" endtime="20230309 16:58:35.773"/>
</kw>
<status status="PASS" starttime="20230309 16:58:31.668" endtime="20230309 16:58:35.774"/>
</kw>
<kw name="Então aparece a mensagem de proteção contra robo" library="Logins">
<kw name="Sleep" library="BuiltIn">
<arg>3s</arg>
<doc>Pauses the test executed for the given time.</doc>
<msg timestamp="20230309 16:58:38.791" level="INFO">Slept 3 seconds</msg>
<status status="PASS" starttime="20230309 16:58:35.776" endtime="20230309 16:58:38.791"/>
</kw>
<kw name="Wait Until Element Is Visible" library="SeleniumLibrary">
<arg>locator=${PROTEÇÃO_ROBO}</arg>
<doc>Waits until the element ``locator`` is visible.</doc>
<status status="PASS" starttime="20230309 16:58:38.791" endtime="20230309 16:58:42.865"/>
</kw>
<status status="PASS" starttime="20230309 16:58:35.774" endtime="20230309 16:58:42.865"/>
</kw>
<kw name="Fechar o navegador" library="Base" type="TEARDOWN">
<kw name="Capture Page Screenshot" library="SeleniumLibrary">
<arg>login_SMB{index}.png</arg>
<doc>Takes a screenshot of the current page and embeds it into a log file.</doc>
<msg timestamp="20230309 16:58:45.083" level="INFO" html="true">&lt;/td&gt;&lt;/tr&gt;&lt;tr&gt;&lt;td colspan="3"&gt;&lt;a href="login_SMB15.png"&gt;&lt;img src="login_SMB15.png" width="800px"&gt;&lt;/a&gt;</msg>
<status status="PASS" starttime="20230309 16:58:42.867" endtime="20230309 16:58:45.083"/>
</kw>
<kw name="Close Browser" library="SeleniumLibrary">
<doc>Closes the current browser.</doc>
<status status="PASS" starttime="20230309 16:58:45.083" endtime="20230309 16:58:49.422"/>
</kw>
<status status="PASS" starttime="20230309 16:58:42.866" endtime="20230309 16:58:49.423"/>
</kw>
<tag>LGN05</tag>
<status status="PASS" starttime="20230309 16:58:20.289" endtime="20230309 16:58:49.424"/>
</test>
<doc>Essa suite testa a tela de login do SMB pelo QA Delano</doc>
<status status="PASS" starttime="20230309 16:58:19.539" endtime="20230309 16:58:49.433"/>
</suite>
<statistics>
<total>
<stat pass="1" fail="0" skip="0">All Tests</stat>
</total>
<tag>
<stat pass="1" fail="0" skip="0">LGN05</stat>
</tag>
<suite>
<stat pass="1" fail="0" skip="0" id="s1" name="TC#03-SMB Login">TC#03-SMB Login</stat>
</suite>
</statistics>
<errors>
</errors>
</robot>
